<?xml version="1.0" encoding="UTF-8"?>
<!-- Generated by org.testng.reporters.JUnitReportReporter -->
<testsuite skipped="0" hostname="DESKTOP-TA0RUPS" name="Actions_15.KeyBoard_1" tests="1" failures="0" timestamp="23 Sep 2023 08:53:15 GMT" time="13.015" errors="0">
  <testcase name="keyboardAndMouseEventUsingActionClassInSelenium" time="13.015" classname="Actions_15.KeyBoard_1"/>
</testsuite> <!-- Actions_15.KeyBoard_1 -->
