<?xml version="1.0" encoding="UTF-8"?>
<!-- Generated by org.testng.reporters.JUnitReportReporter -->
<testsuite skipped="0" hostname="DESKTOP-TA0RUPS" name="testNG_XML_File.GoogleTest_1" tests="3" failures="0" timestamp="22 Feb 2023 12:09:52 GMT" time="0.090" errors="0">
  <testcase name="searchTest" time="0.048" classname="testNG_XML_File.GoogleTest_1"/>
  <testcase name="googleSearchTest" time="0.036" classname="testNG_XML_File.GoogleTest_1"/>
  <testcase name="urlTest" time="0.006" classname="testNG_XML_File.GoogleTest_1"/>
</testsuite> <!-- testNG_XML_File.GoogleTest_1 -->
