<?xml version="1.0" encoding="UTF-8"?>
<!-- Generated by org.testng.reporters.JUnitReportReporter -->
<testsuite skipped="0" hostname="DESKTOP-TA0RUPS" name="testNg_More_Features.DependsOnMethodConcept" tests="3" failures="0" timestamp="04 Feb 2023 16:43:18 GMT" time="0.011" errors="0">
  <testcase name="SearchPageTest" time="0.000" classname="testNg_More_Features.DependsOnMethodConcept"/>
  <testcase name="loginTest" time="0.009" classname="testNg_More_Features.DependsOnMethodConcept"/>
  <testcase name="homePageTest" time="0.002" classname="testNg_More_Features.DependsOnMethodConcept"/>
</testsuite> <!-- testNg_More_Features.DependsOnMethodConcept -->
