<?xml version="1.0" encoding="UTF-8"?>
<!-- Generated by org.testng.reporters.JUnitReportReporter -->
<testsuite skipped="0" hostname="DESKTOP-TA0RUPS" name="testNG_Basics.GoogleTest_4" tests="3" failures="0" timestamp="23 Sep 2023 12:20:48 GMT" time="23.703" errors="0">
  <testcase name="searchTest" time="6.857" classname="testNG_Basics.GoogleTest_4"/>
  <testcase name="urlTest" time="9.567" classname="testNG_Basics.GoogleTest_4"/>
  <testcase name="googleSearchTest" time="7.279" classname="testNG_Basics.GoogleTest_4"/>
</testsuite> <!-- testNG_Basics.GoogleTest_4 -->
