<?xml version="1.0" encoding="UTF-8"?>
<!-- Generated by org.testng.reporters.JUnitReportReporter -->
<testsuite skipped="0" hostname="DESKTOP-TA0RUPS" name="MyTest.SampleTest_3" tests="3" failures="0" timestamp="04 Feb 2023 12:12:41 GMT" time="0.119" errors="0">
  <testcase name="urlTest" time="0.006" classname="MyTest.SampleTest_3"/>
  <testcase name="googleSearchTest" time="0.075" classname="MyTest.SampleTest_3"/>
  <testcase name="searchTest" time="0.038" classname="MyTest.SampleTest_3"/>
</testsuite> <!-- MyTest.SampleTest_3 -->
