<?xml version="1.0" encoding="UTF-8"?>
<!-- Generated by org.testng.reporters.JUnitReportReporter -->
<testsuite skipped="2" hostname="DESKTOP-TA0RUPS" name="testNG_Basics.AnnotatiosConcept_2" tests="2" failures="0" timestamp="18 Sep 2023 10:46:53 GMT" time="0.000" errors="0">
  <testcase name="accountInfoTest" time="0.000" classname="testNG_Basics.AnnotatiosConcept_2">
    <skipped/>
  </testcase> <!-- accountInfoTest -->
  <testcase name="userInfoTest" time="0.000" classname="testNG_Basics.AnnotatiosConcept_2">
    <skipped/>
  </testcase> <!-- userInfoTest -->
</testsuite> <!-- testNG_Basics.AnnotatiosConcept_2 -->
