<?xml version="1.0" encoding="UTF-8"?>
<!-- Generated by org.testng.reporters.JUnitReportReporter -->
<testsuite skipped="0" hostname="DESKTOP-TA0RUPS" name="testNG_XML_File.OrangeHRMTest_2" tests="2" failures="0" timestamp="26 May 2024 13:35:46 GMT" time="1.453" errors="0">
  <testcase name="contactSalesTest" time="1.400" classname="testNG_XML_File.OrangeHRMTest_2"/>
  <testcase name="urlTest" time="0.053" classname="testNG_XML_File.OrangeHRMTest_2"/>
</testsuite> <!-- testNG_XML_File.OrangeHRMTest_2 -->
