<?xml version="1.0" encoding="UTF-8"?>
<!-- Generated by org.testng.reporters.JUnitReportReporter -->
<testsuite skipped="0" hostname="DESKTOP-TA0RUPS" name="testNG_XML_File.OrangeHRMTest_2" tests="2" failures="0" timestamp="23 Sep 2023 12:40:33 GMT" time="0.110" errors="0">
  <testcase name="contactSalesTest" time="0.106" classname="testNG_XML_File.OrangeHRMTest_2"/>
  <testcase name="urlTest" time="0.004" classname="testNG_XML_File.OrangeHRMTest_2"/>
</testsuite> <!-- testNG_XML_File.OrangeHRMTest_2 -->
