<?xml version="1.0" encoding="UTF-8"?>
<!-- Generated by org.testng.reporters.JUnitReportReporter -->
<testsuite skipped="0" hostname="DESKTOP-TA0RUPS" name="Files.File_Writing" tests="3" failures="0" timestamp="19 Apr 2024 07:04:11 GMT" time="0.066" errors="0">
  <testcase name="usingOutputStream" time="0.009" classname="Files.File_Writing"/>
  <testcase name="usingBufferWriter" time="0.046" classname="Files.File_Writing"/>
  <testcase name="usingFileWriter" time="0.011" classname="Files.File_Writing"/>
</testsuite> <!-- Files.File_Writing -->
