<?xml version="1.0" encoding="UTF-8"?>
<!-- Generated by org.testng.reporters.JUnitReportReporter -->
<testsuite skipped="0" hostname="DESKTOP-TA0RUPS" name="Assertions.Assert_Ex_2" tests="1" failures="0" timestamp="23 Sep 2023 14:57:52 GMT" time="18.704" errors="0">
  <testcase name="verifySeleniumTitle" time="18.704" classname="Assertions.Assert_Ex_2"/>
</testsuite> <!-- Assertions.Assert_Ex_2 -->
