<?xml version="1.0" encoding="UTF-8"?>
<!-- Generated by org.testng.reporters.JUnitReportReporter -->
<testsuite skipped="3" hostname="DESKTOP-TA0RUPS" name="testNG_Basics.GoogleTest_4" tests="3" failures="0" timestamp="18 Sep 2023 10:46:53 GMT" time="0.000" errors="0">
  <testcase name="urlTest" time="0.000" classname="testNG_Basics.GoogleTest_4">
    <skipped/>
  </testcase> <!-- urlTest -->
  <testcase name="searchTest" time="0.000" classname="testNG_Basics.GoogleTest_4">
    <skipped/>
  </testcase> <!-- searchTest -->
  <testcase name="googleSearchTest" time="0.000" classname="testNG_Basics.GoogleTest_4">
    <skipped/>
  </testcase> <!-- googleSearchTest -->
</testsuite> <!-- testNG_Basics.GoogleTest_4 -->
