<?xml version="1.0" encoding="UTF-8"?>
<!-- Generated by org.testng.reporters.JUnitReportReporter -->
<testsuite skipped="0" hostname="DESKTOP-TA0RUPS" name="testNG_XML_File.OpenCartTest_3" tests="2" failures="0" timestamp="22 Feb 2023 12:09:52 GMT" time="0.654" errors="0">
  <testcase name="registerTest" time="0.647" classname="testNG_XML_File.OpenCartTest_3"/>
  <testcase name="urlTest" time="0.007" classname="testNG_XML_File.OpenCartTest_3"/>
</testsuite> <!-- testNG_XML_File.OpenCartTest_3 -->
