<?xml version="1.0" encoding="UTF-8"?>
<!-- Generated by org.testng.reporters.JUnitReportReporter -->
<testsuite skipped="0" hostname="DESKTOP-TA0RUPS" name="testNG_Basics.SampleTest_3" tests="3" failures="0" timestamp="23 Sep 2023 12:19:41 GMT" time="0.129" errors="0">
  <testcase name="urlTest" time="0.007" classname="testNG_Basics.SampleTest_3"/>
  <testcase name="googleSearchTest" time="0.083" classname="testNG_Basics.SampleTest_3"/>
  <testcase name="searchTest" time="0.039" classname="testNG_Basics.SampleTest_3"/>
</testsuite> <!-- testNG_Basics.SampleTest_3 -->
