<?xml version="1.0" encoding="UTF-8"?>
<!-- Generated by org.testng.reporters.JUnitReportReporter -->
<testsuite skipped="0" hostname="DESKTOP-TA0RUPS" name="testNG_XML_File.OpenCartTest_3" tests="2" failures="0" timestamp="23 Sep 2023 12:40:33 GMT" time="0.236" errors="0">
  <testcase name="registerTest" time="0.225" classname="testNG_XML_File.OpenCartTest_3"/>
  <testcase name="urlTest" time="0.011" classname="testNG_XML_File.OpenCartTest_3"/>
</testsuite> <!-- testNG_XML_File.OpenCartTest_3 -->
