<?xml version="1.0" encoding="UTF-8"?>
<!-- Generated by org.testng.reporters.JUnitReportReporter -->
<testsuite skipped="0" hostname="DESKTOP-TA0RUPS" name="testNG_XML_File.GoogleTest_1" tests="3" failures="0" timestamp="19 Apr 2024 07:20:08 GMT" time="2.429" errors="0">
  <testcase name="searchTest" time="2.076" classname="testNG_XML_File.GoogleTest_1"/>
  <testcase name="googleSearchTest" time="0.341" classname="testNG_XML_File.GoogleTest_1"/>
  <testcase name="urlTest" time="0.012" classname="testNG_XML_File.GoogleTest_1"/>
</testsuite> <!-- testNG_XML_File.GoogleTest_1 -->
