<?xml version="1.0" encoding="UTF-8"?>
<!-- Generated by org.testng.reporters.JUnitReportReporter -->
<testsuite skipped="0" hostname="DESKTOP-TA0RUPS" name="Actions_15.KeyBoard_1" tests="1" failures="0" timestamp="23 Aug 2023 05:17:55 GMT" time="32.475" errors="0">
  <testcase name="keyboardAndMouseEventUsingActionClassInSelenium" time="32.475" classname="Actions_15.KeyBoard_1"/>
</testsuite> <!-- Actions_15.KeyBoard_1 -->
