<?xml version="1.0" encoding="UTF-8"?>
<!-- Generated by org.testng.reporters.JUnitReportReporter -->
<testsuite skipped="0" hostname="DESKTOP-TA0RUPS" name="testNg_More_Features.Priority_Concept_1" tests="5" failures="0" timestamp="10 Dec 2023 11:35:04 GMT" time="0.015" errors="0">
  <testcase name="e_test" time="0.001" classname="testNg_More_Features.Priority_Concept_1"/>
  <testcase name="d_test" time="0.011" classname="testNg_More_Features.Priority_Concept_1"/>
  <testcase name="b_test" time="0.001" classname="testNg_More_Features.Priority_Concept_1"/>
  <testcase name="c_test" time="0.001" classname="testNg_More_Features.Priority_Concept_1"/>
  <testcase name="a_test" time="0.001" classname="testNg_More_Features.Priority_Concept_1"/>
</testsuite> <!-- testNg_More_Features.Priority_Concept_1 -->
