<?xml version="1.0" encoding="UTF-8"?>
<!-- Generated by org.testng.reporters.JUnitReportReporter -->
<testsuite skipped="0" hostname="DESKTOP-TA0RUPS" name="testNG_Basics.AnnotatiosConcept_2" tests="2" failures="0" timestamp="23 Sep 2023 12:17:22 GMT" time="0.006" errors="0">
  <testcase name="accountInfoTest" time="0.004" classname="testNG_Basics.AnnotatiosConcept_2"/>
  <testcase name="userInfoTest" time="0.002" classname="testNG_Basics.AnnotatiosConcept_2"/>
</testsuite> <!-- testNG_Basics.AnnotatiosConcept_2 -->
