<?xml version="1.0" encoding="UTF-8"?>
<!-- Generated by org.testng.reporters.JUnitReportReporter -->
<testsuite skipped="0" hostname="DESKTOP-TA0RUPS" name="MyTest.AnnotatiosConcept" tests="2" failures="0" timestamp="04 Feb 2023 07:04:00 GMT" time="0.013" errors="0">
  <testcase name="userInfoTest" time="0.003" classname="MyTest.AnnotatiosConcept"/>
  <testcase name="accountInfoTest" time="0.010" classname="MyTest.AnnotatiosConcept"/>
</testsuite> <!-- MyTest.AnnotatiosConcept -->
