<?xml version="1.0" encoding="UTF-8"?>
<!-- Generated by org.testng.reporters.JUnitReportReporter -->
<testsuite skipped="0" hostname="DESKTOP-TA0RUPS" name="testNg_More_Features.ExpectedExceptionConcept_2" tests="1" failures="0" timestamp="04 Feb 2023 14:34:50 GMT" time="0.007" errors="0">
  <testcase name="loginTest" time="0.007" classname="testNg_More_Features.ExpectedExceptionConcept_2"/>
</testsuite> <!-- testNg_More_Features.ExpectedExceptionConcept_2 -->
