<?xml version="1.0" encoding="UTF-8"?>
<!-- Generated by org.testng.reporters.JUnitReportReporter -->
<testsuite skipped="0" hostname="DESKTOP-TA0RUPS" name="Actions_15.DragNDropExample" tests="1" failures="0" timestamp="23 Sep 2023 08:47:58 GMT" time="15.020" errors="0">
  <testcase name="testDragAndDropExample" time="15.020" classname="Actions_15.DragNDropExample"/>
</testsuite> <!-- Actions_15.DragNDropExample -->
