<?xml version="1.0" encoding="UTF-8"?>
<!-- Generated by org.testng.reporters.JUnitReportReporter -->
<testsuite skipped="0" hostname="DESKTOP-TA0RUPS" name="testNG_XML_File.OpenCartTest_3" tests="2" failures="0" timestamp="05 Feb 2023 13:15:32 GMT" time="0.076" errors="0">
  <testcase name="registerTest" time="0.067" classname="testNG_XML_File.OpenCartTest_3"/>
  <testcase name="urlTest" time="0.009" classname="testNG_XML_File.OpenCartTest_3"/>
</testsuite> <!-- testNG_XML_File.OpenCartTest_3 -->
