<?xml version="1.0" encoding="UTF-8"?>
<!-- Generated by org.testng.reporters.JUnitReportReporter -->
<testsuite skipped="0" hostname="DESKTOP-TA0RUPS" name="WebDriver_castings_2.DeleteCookieInSelenium" tests="1" failures="0" timestamp="02 Aug 2023 14:35:06 GMT" time="12.270" errors="0">
  <testcase name="deleteCookieInSelenium" time="12.270" classname="WebDriver_castings_2.DeleteCookieInSelenium"/>
</testsuite> <!-- WebDriver_castings_2.DeleteCookieInSelenium -->
