<?xml version="1.0" encoding="UTF-8"?>
<!-- Generated by org.testng.reporters.JUnitReportReporter -->
<testsuite skipped="0" hostname="DESKTOP-TA0RUPS" name="testNg_More_Features.Priority_Concept" tests="5" failures="0" timestamp="04 Feb 2023 13:57:32 GMT" time="0.020" errors="0">
  <testcase name="d_test" time="0.016" classname="testNg_More_Features.Priority_Concept"/>
  <testcase name="e_test" time="0.001" classname="testNg_More_Features.Priority_Concept"/>
  <testcase name="a_test" time="0.001" classname="testNg_More_Features.Priority_Concept"/>
  <testcase name="b_test" time="0.001" classname="testNg_More_Features.Priority_Concept"/>
  <testcase name="c_test" time="0.001" classname="testNg_More_Features.Priority_Concept"/>
</testsuite> <!-- testNg_More_Features.Priority_Concept -->
