<?xml version="1.0" encoding="UTF-8"?>
<!-- Generated by org.testng.reporters.JUnitReportReporter -->
<testsuite skipped="0" hostname="DESKTOP-TA0RUPS" name="Actions_15.DragDropInSelenium" tests="1" failures="0" timestamp="26 May 2024 13:55:42 GMT" time="14.305" errors="0">
  <testcase name="enterDataInTextField" time="14.305" classname="Actions_15.DragDropInSelenium"/>
</testsuite> <!-- Actions_15.DragDropInSelenium -->
