<?xml version="1.0" encoding="UTF-8"?>
<!-- Generated by org.testng.reporters.JUnitReportReporter -->
<testsuite skipped="0" hostname="DESKTOP-TA0RUPS" name="testNg_More_Features.Invocation_Count_Test_4" tests="10" failures="0" timestamp="05 Feb 2023 13:43:50 GMT" time="0.021" errors="0">
  <testcase name="getUserInfoTest" time="0.002" classname="testNg_More_Features.Invocation_Count_Test_4"/>
  <testcase name="getUserInfoTest" time="0.000" classname="testNg_More_Features.Invocation_Count_Test_4"/>
  <testcase name="getUserInfoTest" time="0.001" classname="testNg_More_Features.Invocation_Count_Test_4"/>
  <testcase name="getUserInfoTest" time="0.001" classname="testNg_More_Features.Invocation_Count_Test_4"/>
  <testcase name="getUserInfoTest" time="0.001" classname="testNg_More_Features.Invocation_Count_Test_4"/>
  <testcase name="getUserInfoTest" time="0.002" classname="testNg_More_Features.Invocation_Count_Test_4"/>
  <testcase name="getUserInfoTest" time="0.001" classname="testNg_More_Features.Invocation_Count_Test_4"/>
  <testcase name="getUserInfoTest" time="0.011" classname="testNg_More_Features.Invocation_Count_Test_4"/>
  <testcase name="getUserInfoTest" time="0.001" classname="testNg_More_Features.Invocation_Count_Test_4"/>
  <testcase name="getUserInfoTest" time="0.001" classname="testNg_More_Features.Invocation_Count_Test_4"/>
</testsuite> <!-- testNg_More_Features.Invocation_Count_Test_4 -->
