<?xml version="1.0" encoding="UTF-8"?>
<!-- Generated by org.testng.reporters.JUnitReportReporter -->
<testsuite skipped="0" hostname="DESKTOP-TA0RUPS" name="JavaScript_Concept_13.ScrollInSelenium" tests="1" failures="0" timestamp="22 Sep 2023 14:05:43 GMT" time="26.243" errors="0">
  <testcase name="scrollInSelenium" time="26.243" classname="JavaScript_Concept_13.ScrollInSelenium"/>
</testsuite> <!-- JavaScript_Concept_13.ScrollInSelenium -->
