<?xml version="1.0" encoding="UTF-8"?>
<!-- Generated by org.testng.reporters.JUnitReportReporter -->
<testsuite skipped="0" hostname="DESKTOP-TA0RUPS" name="SeleniumPractice.Xyz" tests="1" failures="0" timestamp="25 Sep 2023 08:33:58 GMT" time="9.763" errors="0">
  <testcase name="driverlaunch" time="9.763" classname="SeleniumPractice.Xyz"/>
</testsuite> <!-- SeleniumPractice.Xyz -->
