<?xml version="1.0" encoding="UTF-8"?>
<!-- Generated by org.testng.reporters.JUnitReportReporter -->
<testsuite skipped="0" hostname="DESKTOP-TA0RUPS" name="Assertions.Assert_Ex_2" tests="1" failures="0" timestamp="19 Apr 2024 07:01:21 GMT" time="32.308" errors="0">
  <testcase name="verifySeleniumTitle" time="32.308" classname="Assertions.Assert_Ex_2"/>
</testsuite> <!-- Assertions.Assert_Ex_2 -->
