<?xml version="1.0" encoding="UTF-8"?>
<!-- Generated by org.testng.reporters.JUnitReportReporter -->
<testsuite skipped="2" hostname="DESKTOP-TA0RUPS" name="DataDrivern_Testing.DataProviderWithExcelTest" tests="2" failures="0" timestamp="19 Apr 2024 06:54:06 GMT" time="0.000" errors="0">
  <testcase name="test2" time="0.000" classname="DataDrivern_Testing.DataProviderWithExcelTest">
    <skipped/>
  </testcase> <!-- test2 -->
  <testcase name="test1" time="0.000" classname="DataDrivern_Testing.DataProviderWithExcelTest">
    <skipped/>
  </testcase> <!-- test1 -->
</testsuite> <!-- DataDrivern_Testing.DataProviderWithExcelTest -->
