<?xml version="1.0" encoding="UTF-8"?>
<!-- Generated by org.testng.reporters.JUnitReportReporter -->
<testsuite skipped="0" hostname="DESKTOP-TA0RUPS" name="testNG_XML_File.OpenCartTest_3" tests="2" failures="0" timestamp="19 Apr 2024 07:20:08 GMT" time="5.311" errors="0">
  <testcase name="registerTest" time="5.294" classname="testNG_XML_File.OpenCartTest_3"/>
  <testcase name="urlTest" time="0.017" classname="testNG_XML_File.OpenCartTest_3"/>
</testsuite> <!-- testNG_XML_File.OpenCartTest_3 -->
