<?xml version="1.0" encoding="UTF-8"?>
<!-- Generated by org.testng.reporters.JUnitReportReporter -->
<testsuite skipped="0" hostname="DESKTOP-TA0RUPS" name="testNG_Basics.SampleTest_3" tests="3" failures="0" timestamp="19 Apr 2024 07:08:09 GMT" time="0.763" errors="0">
  <testcase name="searchTest" time="0.259" classname="testNG_Basics.SampleTest_3"/>
  <testcase name="urlTest" time="0.023" classname="testNG_Basics.SampleTest_3"/>
  <testcase name="googleSearchTest" time="0.481" classname="testNG_Basics.SampleTest_3"/>
</testsuite> <!-- testNG_Basics.SampleTest_3 -->
