<?xml version="1.0" encoding="UTF-8"?>
<!-- Generated by org.testng.reporters.JUnitReportReporter -->
<testsuite skipped="0" hostname="DESKTOP-TA0RUPS" name="WebDriver_castings_2.AddCookiesInSelenium" tests="1" failures="0" timestamp="02 Aug 2023 14:29:33 GMT" time="9.863" errors="0">
  <testcase name="enterText" time="9.863" classname="WebDriver_castings_2.AddCookiesInSelenium"/>
</testsuite> <!-- WebDriver_castings_2.AddCookiesInSelenium -->
