<?xml version="1.0" encoding="UTF-8"?>
<!-- Generated by org.testng.reporters.JUnitReportReporter -->
<testsuite skipped="0" hostname="DESKTOP-TA0RUPS" name="Actions_15.DragDropInSelenium" tests="1" failures="0" timestamp="23 Sep 2023 06:43:04 GMT" time="16.992" errors="0">
  <testcase name="enterDataInTextField" time="16.992" classname="Actions_15.DragDropInSelenium"/>
</testsuite> <!-- Actions_15.DragDropInSelenium -->
