<?xml version="1.0" encoding="UTF-8"?>
<!-- Generated by org.testng.reporters.JUnitReportReporter -->
<testsuite skipped="0" hostname="DESKTOP-TA0RUPS" name="testNG_XML_File.OrangeHRMTest_2" tests="2" failures="0" timestamp="19 Apr 2024 07:20:08 GMT" time="3.770" errors="0">
  <testcase name="contactSalesTest" time="3.744" classname="testNG_XML_File.OrangeHRMTest_2"/>
  <testcase name="urlTest" time="0.026" classname="testNG_XML_File.OrangeHRMTest_2"/>
</testsuite> <!-- testNG_XML_File.OrangeHRMTest_2 -->
