<?xml version="1.0" encoding="UTF-8"?>
<!-- Generated by org.testng.reporters.JUnitReportReporter -->
<testsuite skipped="0" hostname="DESKTOP-TA0RUPS" name="MyTest.GoogleTest_4" tests="3" failures="0" timestamp="04 Feb 2023 12:20:12 GMT" time="17.608" errors="0">
  <testcase name="googleSearchTest" time="5.376" classname="MyTest.GoogleTest_4"/>
  <testcase name="searchTest" time="7.073" classname="MyTest.GoogleTest_4"/>
  <testcase name="urlTest" time="5.159" classname="MyTest.GoogleTest_4"/>
</testsuite> <!-- MyTest.GoogleTest_4 -->
