<?xml version="1.0" encoding="UTF-8"?>
<!-- Generated by org.testng.reporters.JUnitReportReporter -->
<testsuite skipped="0" hostname="DESKTOP-TA0RUPS" name="Actions_15.KeyBoard_1" tests="1" failures="0" timestamp="26 May 2024 13:47:00 GMT" time="11.457" errors="0">
  <testcase name="keyboardAndMouseEventUsingActionClassInSelenium" time="11.457" classname="Actions_15.KeyBoard_1"/>
</testsuite> <!-- Actions_15.KeyBoard_1 -->
