<?xml version="1.0" encoding="UTF-8"?>
<!-- Generated by org.testng.reporters.JUnitReportReporter -->
<testsuite skipped="0" hostname="DESKTOP-TA0RUPS" name="testNG_XML_File.OrangeHRMTest_2" tests="2" failures="0" timestamp="22 Feb 2023 12:09:52 GMT" time="0.101" errors="0">
  <testcase name="contactSalesTest" time="0.088" classname="testNG_XML_File.OrangeHRMTest_2"/>
  <testcase name="urlTest" time="0.013" classname="testNG_XML_File.OrangeHRMTest_2"/>
</testsuite> <!-- testNG_XML_File.OrangeHRMTest_2 -->
