<?xml version="1.0" encoding="UTF-8"?>
<!-- Generated by org.testng.reporters.JUnitReportReporter -->
<testsuite skipped="0" hostname="DESKTOP-TA0RUPS" name="testNG_XML_File.OpenCartTest_3" tests="2" failures="0" timestamp="10 Aug 2023 14:35:27 GMT" time="6.320" errors="0">
  <testcase name="registerTest" time="6.076" classname="testNG_XML_File.OpenCartTest_3"/>
  <testcase name="urlTest" time="0.244" classname="testNG_XML_File.OpenCartTest_3"/>
</testsuite> <!-- testNG_XML_File.OpenCartTest_3 -->
