<?xml version="1.0" encoding="UTF-8"?>
<!-- Generated by org.testng.reporters.JUnitReportReporter -->
<testsuite skipped="0" hostname="DESKTOP-TA0RUPS" name="DataDrivern_Testing.DataProviderTest2" tests="6" failures="0" timestamp="19 Apr 2024 06:53:44 GMT" time="0.044" errors="0">
  <testcase name="test1" time="0.002" classname="DataDrivern_Testing.DataProviderTest2"/>
  <testcase name="test2" time="0.002" classname="DataDrivern_Testing.DataProviderTest2"/>
  <testcase name="test1" time="0.029" classname="DataDrivern_Testing.DataProviderTest2"/>
  <testcase name="test1" time="0.002" classname="DataDrivern_Testing.DataProviderTest2"/>
  <testcase name="test2" time="0.004" classname="DataDrivern_Testing.DataProviderTest2"/>
  <testcase name="test2" time="0.005" classname="DataDrivern_Testing.DataProviderTest2"/>
</testsuite> <!-- DataDrivern_Testing.DataProviderTest2 -->
