<?xml version="1.0" encoding="UTF-8"?>
<!-- Generated by org.testng.reporters.JUnitReportReporter -->
<testsuite skipped="0" hostname="DESKTOP-TA0RUPS" name="testNG_XML_File.OrangeHRMTest_2" tests="2" failures="0" timestamp="10 Aug 2023 14:35:27 GMT" time="0.266" errors="0">
  <testcase name="contactSalesTest" time="0.210" classname="testNG_XML_File.OrangeHRMTest_2"/>
  <testcase name="urlTest" time="0.056" classname="testNG_XML_File.OrangeHRMTest_2"/>
</testsuite> <!-- testNG_XML_File.OrangeHRMTest_2 -->
