<?xml version="1.0" encoding="UTF-8"?>
<!-- Generated by org.testng.reporters.JUnitReportReporter -->
<testsuite skipped="0" hostname="DESKTOP-TA0RUPS" name="testNG_XML_File.OrangeHRMTest_2" tests="2" failures="0" timestamp="05 Feb 2023 13:15:32 GMT" time="0.060" errors="0">
  <testcase name="contactSalesTest" time="0.051" classname="testNG_XML_File.OrangeHRMTest_2"/>
  <testcase name="urlTest" time="0.009" classname="testNG_XML_File.OrangeHRMTest_2"/>
</testsuite> <!-- testNG_XML_File.OrangeHRMTest_2 -->
