<?xml version="1.0" encoding="UTF-8"?>
<!-- Generated by org.testng.reporters.JUnitReportReporter -->
<testsuite skipped="0" hostname="DESKTOP-TA0RUPS" name="Actions_15.DragNDropExample" tests="1" failures="0" timestamp="26 May 2024 13:56:50 GMT" time="13.815" errors="0">
  <testcase name="testDragAndDropExample" time="13.815" classname="Actions_15.DragNDropExample"/>
</testsuite> <!-- Actions_15.DragNDropExample -->
