<?xml version="1.0" encoding="UTF-8"?>
<!-- Generated by org.testng.reporters.JUnitReportReporter -->
<testsuite skipped="0" hostname="DESKTOP-TA0RUPS" name="DataDrivern_Testing.TestExample" tests="3" failures="0" timestamp="21 Jan 2025 14:41:43 GMT" time="0.010" errors="0">
  <testcase name="testWithData" time="0.001" classname="DataDrivern_Testing.TestExample"/>
  <testcase name="testWithData" time="0.000" classname="DataDrivern_Testing.TestExample"/>
  <testcase name="testWithData" time="0.009" classname="DataDrivern_Testing.TestExample"/>
</testsuite> <!-- DataDrivern_Testing.TestExample -->
