<?xml version="1.0" encoding="UTF-8"?>
<!-- Generated by org.testng.reporters.JUnitReportReporter -->
<testsuite skipped="0" hostname="DESKTOP-TA0RUPS" name="testNG_XML_File.GoogleTest_1" tests="3" failures="0" timestamp="05 Feb 2023 13:15:32 GMT" time="0.128" errors="0">
  <testcase name="searchTest" time="0.067" classname="testNG_XML_File.GoogleTest_1"/>
  <testcase name="googleSearchTest" time="0.054" classname="testNG_XML_File.GoogleTest_1"/>
  <testcase name="urlTest" time="0.007" classname="testNG_XML_File.GoogleTest_1"/>
</testsuite> <!-- testNG_XML_File.GoogleTest_1 -->
