<?xml version="1.0" encoding="UTF-8"?>
<!-- Generated by org.testng.reporters.JUnitReportReporter -->
<testsuite skipped="0" hostname="DESKTOP-TA0RUPS" name="testNG_XML_File.GoogleTest_1" tests="3" failures="0" timestamp="23 Sep 2023 12:40:33 GMT" time="0.199" errors="0">
  <testcase name="searchTest" time="0.121" classname="testNG_XML_File.GoogleTest_1"/>
  <testcase name="googleSearchTest" time="0.068" classname="testNG_XML_File.GoogleTest_1"/>
  <testcase name="urlTest" time="0.010" classname="testNG_XML_File.GoogleTest_1"/>
</testsuite> <!-- testNG_XML_File.GoogleTest_1 -->
