<?xml version="1.0" encoding="UTF-8"?>
<!-- Generated by org.testng.reporters.JUnitReportReporter -->
<testsuite skipped="0" hostname="DESKTOP-TA0RUPS" name="WebDriver_castings_2.DeleteAllCookieInSelenium" tests="1" failures="0" timestamp="02 Aug 2023 14:30:52 GMT" time="10.142" errors="0">
  <testcase name="deleteAllCookieInSelenium" time="10.142" classname="WebDriver_castings_2.DeleteAllCookieInSelenium"/>
</testsuite> <!-- WebDriver_castings_2.DeleteAllCookieInSelenium -->
