<?xml version="1.0" encoding="UTF-8"?>
<!-- Generated by org.testng.reporters.JUnitReportReporter -->
<testsuite skipped="0" hostname="DESKTOP-TA0RUPS" name="Pagination.HandingPaginationUsingForLoop_KrishnaSakinala" tests="1" failures="0" timestamp="19 Mar 2023 13:52:51 GMT" time="43.652" errors="0">
  <testcase name="PaginationUsingForLoop" time="43.652" classname="Pagination.HandingPaginationUsingForLoop_KrishnaSakinala"/>
</testsuite> <!-- Pagination.HandingPaginationUsingForLoop_KrishnaSakinala -->
