<?xml version="1.0" encoding="UTF-8"?>
<!-- Generated by org.testng.reporters.JUnitReportReporter -->
<testsuite skipped="0" hostname="DESKTOP-TA0RUPS" name="JavaScript_Concept_13.ScrollTopics" tests="1" failures="0" timestamp="22 Sep 2023 14:17:44 GMT" time="0.077" errors="0">
  <testcase name="scrollPage" time="0.077" classname="JavaScript_Concept_13.ScrollTopics"/>
</testsuite> <!-- JavaScript_Concept_13.ScrollTopics -->
