<?xml version="1.0" encoding="UTF-8"?>
<!-- Generated by org.testng.reporters.JUnitReportReporter -->
<testsuite skipped="0" hostname="DESKTOP-TA0RUPS" name="DataDrivern_Testing.DataProviderTest1" tests="3" failures="0" timestamp="19 Apr 2024 06:50:11 GMT" time="0.048" errors="0">
  <testcase name="test1" time="0.009" classname="DataDrivern_Testing.DataProviderTest1"/>
  <testcase name="test1" time="0.036" classname="DataDrivern_Testing.DataProviderTest1"/>
  <testcase name="test1" time="0.003" classname="DataDrivern_Testing.DataProviderTest1"/>
</testsuite> <!-- DataDrivern_Testing.DataProviderTest1 -->
